<?xml version="1.0" encoding="UTF-8"?>
<!-- Generated by org.testng.reporters.JUnitReportReporter -->
<testsuite hostname="TYSS-Yogita" failures="0" tests="1" name="testScripts.RegisterTest" time="0.000" errors="0" timestamp="2022-08-26T15:01:57 IST" skipped="1">
  <testcase classname="testScripts.RegisterTest" name="registerTestCase" time="0.000">
    <skipped/>
  </testcase> <!-- registerTestCase -->
  <system-out/>
</testsuite> <!-- testScripts.RegisterTest -->
